<?xml version="1.0" encoding="UTF-8"?>
<testng-results ignored="0" total="1" passed="1" failed="0" skipped="0">
  <reporter-output>
  </reporter-output>
  <suite started-at="2022-07-04T12:27:01 IST" name="Default suite" finished-at="2022-07-04T12:27:12 IST" duration-ms="11432">
    <groups>
    </groups>
    <test started-at="2022-07-04T12:27:01 IST" name="Default test" finished-at="2022-07-04T12:27:12 IST" duration-ms="11432">
      <class name="com.testrunner.NewTest">
        <test-method is-config="true" signature="initialize()[pri:0, instance:com.testrunner.NewTest@4febb875]" started-at="2022-07-04T12:27:00 IST" name="initialize" finished-at="2022-07-04T12:27:01 IST" duration-ms="1227" status="PASS">
          <reporter-output>
          </reporter-output>
        </test-method> <!-- initialize -->
        <test-method is-config="true" signature="setUp()[pri:0, instance:com.testrunner.NewTest@4febb875]" started-at="2022-07-04T12:27:01 IST" name="setUp" finished-at="2022-07-04T12:27:11 IST" duration-ms="10521" status="PASS">
          <reporter-output>
          </reporter-output>
        </test-method> <!-- setUp -->
        <test-method signature="test()[pri:0, instance:com.testrunner.NewTest@4febb875]" started-at="2022-07-04T12:27:11 IST" name="test" finished-at="2022-07-04T12:27:11 IST" duration-ms="18" status="PASS">
          <reporter-output>
          </reporter-output>
        </test-method> <!-- test -->
        <test-method is-config="true" signature="tearDownMethod(org.testng.ITestResult)[pri:0, instance:com.testrunner.NewTest@4febb875]" started-at="2022-07-04T12:27:11 IST" name="tearDownMethod" finished-at="2022-07-04T12:27:12 IST" duration-ms="861" status="PASS">
          <params>
            <param index="0">
              <value>
                <![CDATA[[TestResult name=test status=SUCCESS method=NewTest.test()[pri:0, instance:com.testrunner.NewTest@4febb875] output={null}]]]>
              </value>
            </param>
          </params>
          <reporter-output>
          </reporter-output>
        </test-method> <!-- tearDownMethod -->
        <test-method is-config="true" signature="Clear()[pri:0, instance:com.testrunner.NewTest@4febb875]" started-at="2022-07-04T12:27:12 IST" name="Clear" finished-at="2022-07-04T12:27:13 IST" duration-ms="458" status="PASS">
          <reporter-output>
          </reporter-output>
        </test-method> <!-- Clear -->
      </class> <!-- com.testrunner.NewTest -->
    </test> <!-- Default test -->
  </suite> <!-- Default suite -->
</testng-results>
