<?xml version="1.0" encoding="UTF-8"?>
<testsuite xmlns:xsi="http://www.w3.org/2001/XMLSchema-instance" xsi:noNamespaceSchemaLocation="https://maven.apache.org/surefire/maven-surefire-plugin/xsd/surefire-test-report.xsd" name="TestSuite" time="50.066" tests="7" errors="0" skipped="4" failures="2">
  <properties>
[...]
</properties>
  <testcase name="cricketTest" classname="com.runner.BbcCricketTest" time="6.954"/>
  <testcase name="setUp" classname="com.runner.BbcEditorPickTest" time="8.332">
    <failure message="Cannot invoke &quot;com.utilities.ConfigData.getData(String)&quot; because &quot;this.config&quot; is null" type="java.lang.NullPointerException">java.lang.NullPointerException: Cannot invoke "com.utilities.ConfigData.getData(String)" because "this.config" is null
</failure>
    <system-out><![CDATA[[INFO ] 2022-07-14 10:45:44.798 [main] BaseClass - Passed the Test Case
]]></system-out>
  </testcase>
  <testcase name="editorPickTest" classname="com.runner.BbcEditorPickTest" time="0">
    <skipped message="Cannot invoke &quot;com.utilities.ConfigData.getData(String)&quot; because &quot;this.config&quot; is null"/>
  </testcase>
  <testcase name="tearDownMethod" classname="com.runner.BbcEditorPickTest" time="0">
    <skipped/>
  </testcase>
  <testcase name="setUp" classname="com.runner.BbcPrivacyTest" time="0.001">
    <failure message="Cannot invoke &quot;com.utilities.ConfigData.getData(String)&quot; because &quot;this.config&quot; is null" type="java.lang.NullPointerException">java.lang.NullPointerException: Cannot invoke "com.utilities.ConfigData.getData(String)" because "this.config" is null
</failure>
  </testcase>
  <testcase name="privacyTest" classname="com.runner.BbcPrivacyTest" time="0">
    <skipped message="Cannot invoke &quot;com.utilities.ConfigData.getData(String)&quot; because &quot;this.config&quot; is null"/>
  </testcase>
  <testcase name="tearDownMethod" classname="com.runner.BbcPrivacyTest" time="0">
    <skipped/>
  </testcase>
</testsuite>