<?xml version="1.0" encoding="UTF-8"?>
<testng-results ignored="0" total="1" passed="1" failed="0" skipped="0">
  <reporter-output>
  </reporter-output>
  <suite started-at="2022-07-09T11:33:52 IST" name="Default suite" finished-at="2022-07-09T11:34:12 IST" duration-ms="19299">
    <groups>
    </groups>
    <test started-at="2022-07-09T11:33:52 IST" name="Default test" finished-at="2022-07-09T11:34:12 IST" duration-ms="19299">
      <class name="com.testrunner.PhilipsTvTest">
        <test-method is-config="true" signature="initialize()[pri:0, instance:com.testrunner.PhilipsTvTest@15eebbff]" started-at="2022-07-09T11:33:51 IST" name="initialize" finished-at="2022-07-09T11:33:52 IST" duration-ms="925" status="PASS">
          <reporter-output>
          </reporter-output>
        </test-method> <!-- initialize -->
        <test-method is-config="true" signature="setUp()[pri:0, instance:com.testrunner.PhilipsTvTest@15eebbff]" started-at="2022-07-09T11:33:52 IST" name="setUp" finished-at="2022-07-09T11:34:04 IST" duration-ms="12041" status="PASS">
          <reporter-output>
          </reporter-output>
        </test-method> <!-- setUp -->
        <test-method signature="checkTvResults(java.lang.reflect.Method)[pri:0, instance:com.testrunner.PhilipsTvTest@15eebbff]" started-at="2022-07-09T11:34:04 IST" name="checkTvResults" finished-at="2022-07-09T11:34:09 IST" duration-ms="4823" status="PASS">
          <params>
            <param index="0">
              <value>
                <![CDATA[public void com.testrunner.PhilipsTvTest.checkTvResults(java.lang.reflect.Method)]]>
              </value>
            </param>
          </params>
          <reporter-output>
          </reporter-output>
        </test-method> <!-- checkTvResults -->
        <test-method is-config="true" signature="tearDownMethod(org.testng.ITestResult)[pri:0, instance:com.testrunner.PhilipsTvTest@15eebbff]" started-at="2022-07-09T11:34:09 IST" name="tearDownMethod" finished-at="2022-07-09T11:34:12 IST" duration-ms="2397" status="PASS">
          <params>
            <param index="0">
              <value>
                <![CDATA[[TestResult name=checkTvResults status=SUCCESS method=PhilipsTvTest.checkTvResults(java.lang.reflect.Method)[pri:0, instance:com.testrunner.PhilipsTvTest@15eebbff] output={null}]]]>
              </value>
            </param>
          </params>
          <reporter-output>
          </reporter-output>
        </test-method> <!-- tearDownMethod -->
        <test-method is-config="true" signature="Clear()[pri:0, instance:com.testrunner.PhilipsTvTest@15eebbff]" started-at="2022-07-09T11:34:12 IST" name="Clear" finished-at="2022-07-09T11:34:12 IST" duration-ms="300" status="PASS">
          <reporter-output>
          </reporter-output>
        </test-method> <!-- Clear -->
      </class> <!-- com.testrunner.PhilipsTvTest -->
    </test> <!-- Default test -->
  </suite> <!-- Default suite -->
</testng-results>
