<?xml version="1.0" encoding="UTF-8"?>
<testng-results ignored="0" total="1" passed="1" failed="0" skipped="0">
  <reporter-output>
  </reporter-output>
  <suite started-at="2022-07-17T17:58:33 IST" name="Default suite" finished-at="2022-07-17T17:58:52 IST" duration-ms="19124">
    <groups>
    </groups>
    <test started-at="2022-07-17T17:58:33 IST" name="Default test" finished-at="2022-07-17T17:58:52 IST" duration-ms="19124">
      <class name="com.runner.BbcCricketTest">
        <test-method is-config="true" signature="initialize()[pri:0, instance:com.runner.BbcCricketTest@40c80397]" started-at="2022-07-17T17:58:32 IST" name="initialize" finished-at="2022-07-17T17:58:33 IST" duration-ms="749" status="PASS">
          <reporter-output>
          </reporter-output>
        </test-method> <!-- initialize -->
        <test-method is-config="true" signature="setUp()[pri:0, instance:com.runner.BbcCricketTest@40c80397]" started-at="2022-07-17T17:58:33 IST" name="setUp" finished-at="2022-07-17T17:58:43 IST" duration-ms="9396" status="PASS">
          <reporter-output>
          </reporter-output>
        </test-method> <!-- setUp -->
        <test-method signature="cricketTest(java.lang.reflect.Method)[pri:0, instance:com.runner.BbcCricketTest@40c80397]" started-at="2022-07-17T17:58:43 IST" name="cricketTest" finished-at="2022-07-17T17:58:50 IST" duration-ms="7383" status="PASS">
          <params>
            <param index="0">
              <value>
                <![CDATA[public void com.runner.BbcCricketTest.cricketTest(java.lang.reflect.Method) throws java.lang.InterruptedException]]>
              </value>
            </param>
          </params>
          <reporter-output>
          </reporter-output>
        </test-method> <!-- cricketTest -->
        <test-method is-config="true" signature="tearDownMethod(org.testng.ITestResult)[pri:0, instance:com.runner.BbcCricketTest@40c80397]" started-at="2022-07-17T17:58:50 IST" name="tearDownMethod" finished-at="2022-07-17T17:58:52 IST" duration-ms="2293" status="PASS">
          <params>
            <param index="0">
              <value>
                <![CDATA[[TestResult name=cricketTest status=SUCCESS method=BbcCricketTest.cricketTest(java.lang.reflect.Method)[pri:0, instance:com.runner.BbcCricketTest@40c80397] output={null}]]]>
              </value>
            </param>
          </params>
          <reporter-output>
          </reporter-output>
        </test-method> <!-- tearDownMethod -->
        <test-method is-config="true" signature="Clear()[pri:0, instance:com.runner.BbcCricketTest@40c80397]" started-at="2022-07-17T17:58:52 IST" name="Clear" finished-at="2022-07-17T17:58:53 IST" duration-ms="568" status="PASS">
          <reporter-output>
          </reporter-output>
        </test-method> <!-- Clear -->
      </class> <!-- com.runner.BbcCricketTest -->
    </test> <!-- Default test -->
  </suite> <!-- Default suite -->
</testng-results>
