<?xml version="1.0" encoding="UTF-8"?>
<testng-results ignored="0" total="2" passed="2" failed="0" skipped="0">
  <reporter-output>
  </reporter-output>
  <suite started-at="2022-06-30T18:18:37Z" name="Default suite" finished-at="2022-06-30T18:18:44Z" duration-ms="6873">
    <groups>
    </groups>
    <test started-at="2022-06-30T18:18:37Z" name="Default test" finished-at="2022-06-30T18:18:44Z" duration-ms="6873">
      <class name="com.air.testdata.LoginPageTest">
        <test-method is-config="true" signature="setUp()[pri:0, instance:com.air.testdata.LoginPageTest@571c5681]" started-at="2022-06-30T18:18:37Z" name="setUp" finished-at="2022-06-30T18:18:41Z" duration-ms="3857" status="PASS">
          <reporter-output>
          </reporter-output>
        </test-method> <!-- setUp -->
        <test-method signature="loginPageTitleTest()[pri:1, instance:com.air.testdata.LoginPageTest@571c5681]" started-at="2022-06-30T18:18:41Z" name="loginPageTitleTest" finished-at="2022-06-30T18:18:41Z" duration-ms="15" status="PASS">
          <reporter-output>
          </reporter-output>
        </test-method> <!-- loginPageTitleTest -->
        <test-method is-config="true" signature="tearDown()[pri:0, instance:com.air.testdata.LoginPageTest@571c5681]" started-at="2022-06-30T18:18:41Z" name="tearDown" finished-at="2022-06-30T18:18:41Z" duration-ms="216" status="PASS">
          <reporter-output>
          </reporter-output>
        </test-method> <!-- tearDown -->
        <test-method is-config="true" signature="setUp()[pri:0, instance:com.air.testdata.LoginPageTest@571c5681]" started-at="2022-06-30T18:18:41Z" name="setUp" finished-at="2022-06-30T18:18:43Z" duration-ms="2220" status="PASS">
          <reporter-output>
          </reporter-output>
        </test-method> <!-- setUp -->
        <test-method signature="loginTest()[pri:2, instance:com.air.testdata.LoginPageTest@571c5681]" started-at="2022-06-30T18:18:43Z" name="loginTest" finished-at="2022-06-30T18:18:44Z" duration-ms="320" status="PASS">
          <reporter-output>
          </reporter-output>
        </test-method> <!-- loginTest -->
        <test-method is-config="true" signature="tearDown()[pri:0, instance:com.air.testdata.LoginPageTest@571c5681]" started-at="2022-06-30T18:18:44Z" name="tearDown" finished-at="2022-06-30T18:18:44Z" duration-ms="217" status="PASS">
          <reporter-output>
          </reporter-output>
        </test-method> <!-- tearDown -->
      </class> <!-- com.air.testdata.LoginPageTest -->
    </test> <!-- Default test -->
  </suite> <!-- Default suite -->
</testng-results>
