<?xml version="1.0" encoding="UTF-8"?>
<testng-results ignored="0" total="1" passed="1" failed="0" skipped="0">
  <reporter-output>
  </reporter-output>
  <suite started-at="2022-06-30T17:30:01 IST" name="Default suite" finished-at="2022-06-30T17:30:06 IST" duration-ms="4954">
    <groups>
    </groups>
    <test started-at="2022-06-30T17:30:01 IST" name="Default test" finished-at="2022-06-30T17:30:06 IST" duration-ms="4954">
      <class name="com.testRunner.LoginTest">
        <test-method signature="sauceLogin()[pri:0, instance:com.testRunner.LoginTest@4c1909a3]" started-at="2022-06-30T17:30:01 IST" name="sauceLogin" finished-at="2022-06-30T17:30:06 IST" duration-ms="4898" status="PASS">
          <reporter-output>
          </reporter-output>
        </test-method> <!-- sauceLogin -->
      </class> <!-- com.testRunner.LoginTest -->
    </test> <!-- Default test -->
  </suite> <!-- Default suite -->
</testng-results>
