<?xml version="1.0" encoding="UTF-8"?>
<!-- Generated by org.testng.reporters.JUnitXMLReporter -->
<testsuite ignored="4" hostname="MT-PF1F14DK" failures="0" tests="3" name="Surefire test" time="48.113" errors="0" timestamp="2022-07-14T10:45:45 IST">
  <testcase classname="com.utilities.BaseClass" name="@BeforeClass setUp" time="0.0">
    <failure type="java.lang.NullPointerException" message="Cannot invoke &amp;quot;com.utilities.ConfigData.getData(String)&amp;quot; because &amp;quot;this.config&amp;quot; is null">
      <![CDATA[java.lang.NullPointerException: Cannot invoke "com.utilities.ConfigData.getData(String)" because "this.config" is null
at com.utilities.BaseClass.setUp(BaseClass.java:44)
at java.base/java.util.ArrayList.forEach(ArrayList.java:1511)
... Removed 30 stack frames]]>
    </failure>
  </testcase> <!-- @BeforeClass setUp -->
  <testcase classname="com.utilities.BaseClass" name="@AfterMethod tearDownMethod" time="-1.657775745136E9">
    <skipped/>
  </testcase> <!-- @AfterMethod tearDownMethod -->
  <testcase classname="com.utilities.BaseClass" name="@BeforeClass setUp" time="0.0">
    <failure type="java.lang.NullPointerException" message="Cannot invoke &amp;quot;com.utilities.ConfigData.getData(String)&amp;quot; because &amp;quot;this.config&amp;quot; is null">
      <![CDATA[java.lang.NullPointerException: Cannot invoke "com.utilities.ConfigData.getData(String)" because "this.config" is null
at com.utilities.BaseClass.setUp(BaseClass.java:44)
at java.base/java.util.ArrayList.forEach(ArrayList.java:1511)
... Removed 30 stack frames]]>
    </failure>
  </testcase> <!-- @BeforeClass setUp -->
  <testcase classname="com.utilities.BaseClass" name="@AfterMethod tearDownMethod" time="-1.657775745137E9">
    <skipped/>
  </testcase> <!-- @AfterMethod tearDownMethod -->
  <testcase classname="com.runner.BbcCricketTest" name="cricketTest" time="6.949"/>
  <testcase classname="com.runner.BbcEditorPickTest" name="editorPickTest" time="0.0">
    <skipped/>
  </testcase> <!-- editorPickTest -->
  <testcase classname="com.runner.BbcPrivacyTest" name="privacyTest" time="0.0">
    <skipped/>
  </testcase> <!-- privacyTest -->
  <testcase classname="com.utilities.BaseClass" name="@BeforeSuite initialize" time="0.0">
    <ignored/>
  </testcase> <!-- @BeforeSuite initialize -->
  <testcase classname="com.utilities.BaseClass" name="@BeforeSuite initialize" time="0.0">
    <ignored/>
  </testcase> <!-- @BeforeSuite initialize -->
  <testcase classname="com.utilities.BaseClass" name="@AfterSuite Clear" time="0.0">
    <ignored/>
  </testcase> <!-- @AfterSuite Clear -->
  <testcase classname="com.utilities.BaseClass" name="@AfterSuite Clear" time="0.0">
    <ignored/>
  </testcase> <!-- @AfterSuite Clear -->
</testsuite> <!-- Surefire test -->
