<?xml version="1.0" encoding="UTF-8"?>
<!-- Generated by org.testng.reporters.JUnitXMLReporter -->
<testsuite ignored="8" hostname="MT-PF1F14DK" failures="0" tests="4" name="Test" time="7.369" errors="0" timestamp="2022-06-28T20:17:01 IST">
  <testcase classname="com.TestRunner.BaseClass" name="@BeforeClass setUp" time="0.001">
    <failure type="java.lang.NullPointerException" message="Cannot invoke &amp;quot;com.utilities.ConfigProperty.getData(String)&amp;quot; because &amp;quot;this.config&amp;quot; is null">
      <![CDATA[java.lang.NullPointerException: Cannot invoke "com.utilities.ConfigProperty.getData(String)" because "this.config" is null
at com.TestRunner.BaseClass.setUp(BaseClass.java:55)
at java.base/java.util.ArrayList.forEach(ArrayList.java:1511)
... Removed 25 stack frames]]>
    </failure>
  </testcase> <!-- @BeforeClass setUp -->
  <testcase classname="com.TestRunner.BaseClass" name="@AfterMethod tearDownMethod" time="-1.656427621469E9">
    <skipped/>
  </testcase> <!-- @AfterMethod tearDownMethod -->
  <testcase classname="com.TestRunner.BaseClass" name="@AfterClass QuitingBrowser" time="-1.65642762147E9">
    <skipped/>
  </testcase> <!-- @AfterClass QuitingBrowser -->
  <testcase classname="com.TestRunner.BaseClass" name="@BeforeClass setUp" time="0.0">
    <failure type="java.lang.NullPointerException" message="Cannot invoke &amp;quot;com.utilities.ConfigProperty.getData(String)&amp;quot; because &amp;quot;this.config&amp;quot; is null">
      <![CDATA[java.lang.NullPointerException: Cannot invoke "com.utilities.ConfigProperty.getData(String)" because "this.config" is null
at com.TestRunner.BaseClass.setUp(BaseClass.java:55)
at java.base/java.util.ArrayList.forEach(ArrayList.java:1511)
... Removed 25 stack frames]]>
    </failure>
  </testcase> <!-- @BeforeClass setUp -->
  <testcase classname="com.TestRunner.BaseClass" name="@AfterMethod tearDownMethod" time="-1.656427621478E9">
    <skipped/>
  </testcase> <!-- @AfterMethod tearDownMethod -->
  <testcase classname="com.TestRunner.BaseClass" name="@AfterClass QuitingBrowser" time="-1.656427621479E9">
    <skipped/>
  </testcase> <!-- @AfterClass QuitingBrowser -->
  <testcase classname="com.TestRunner.BaseClass" name="@BeforeClass setUp" time="0.0">
    <failure type="java.lang.NullPointerException" message="Cannot invoke &amp;quot;com.utilities.ConfigProperty.getData(String)&amp;quot; because &amp;quot;this.config&amp;quot; is null">
      <![CDATA[java.lang.NullPointerException: Cannot invoke "com.utilities.ConfigProperty.getData(String)" because "this.config" is null
at com.TestRunner.BaseClass.setUp(BaseClass.java:55)
at java.base/java.util.ArrayList.forEach(ArrayList.java:1511)
... Removed 25 stack frames]]>
    </failure>
  </testcase> <!-- @BeforeClass setUp -->
  <testcase classname="com.TestRunner.BaseClass" name="@AfterMethod tearDownMethod" time="-1.656427621484E9">
    <skipped/>
  </testcase> <!-- @AfterMethod tearDownMethod -->
  <testcase classname="com.TestRunner.BaseClass" name="@AfterClass QuitingBrowser" time="-1.656427621485E9">
    <skipped/>
  </testcase> <!-- @AfterClass QuitingBrowser -->
  <testcase classname="com.TestRunner.AddCartTest" name="clickAddCart" time="0.531"/>
  <testcase classname="com.TestRunner.ProductsTest" name="Myproduct" time="0.0">
    <skipped/>
  </testcase> <!-- Myproduct -->
  <testcase classname="com.TestRunner.Login" name="loading" time="0.0">
    <skipped/>
  </testcase> <!-- loading -->
  <testcase classname="com.TestRunner.GoToCartTest" name="MyCart" time="0.0">
    <skipped/>
  </testcase> <!-- MyCart -->
  <testcase classname="com.TestRunner.BaseClass" name="@AfterSuite Clear" time="0.0">
    <ignored/>
  </testcase> <!-- @AfterSuite Clear -->
  <testcase classname="com.TestRunner.BaseClass" name="@AfterSuite Clear" time="0.0">
    <ignored/>
  </testcase> <!-- @AfterSuite Clear -->
  <testcase classname="com.TestRunner.BaseClass" name="@AfterSuite Clear" time="0.0">
    <ignored/>
  </testcase> <!-- @AfterSuite Clear -->
  <testcase classname="com.TestRunner.BaseClass" name="@AfterSuite Clear" time="0.0">
    <ignored/>
  </testcase> <!-- @AfterSuite Clear -->
  <testcase classname="com.TestRunner.BaseClass" name="@BeforeSuite InitializeMethods" time="0.0">
    <ignored/>
  </testcase> <!-- @BeforeSuite InitializeMethods -->
  <testcase classname="com.TestRunner.BaseClass" name="@BeforeSuite InitializeMethods" time="0.0">
    <ignored/>
  </testcase> <!-- @BeforeSuite InitializeMethods -->
  <testcase classname="com.TestRunner.BaseClass" name="@BeforeSuite InitializeMethods" time="0.0">
    <ignored/>
  </testcase> <!-- @BeforeSuite InitializeMethods -->
  <testcase classname="com.TestRunner.BaseClass" name="@BeforeSuite InitializeMethods" time="0.0">
    <ignored/>
  </testcase> <!-- @BeforeSuite InitializeMethods -->
</testsuite> <!-- Test -->
