<?xml version="1.0" encoding="UTF-8"?>
<testng-results ignored="2" total="4" passed="2" failed="0" skipped="0">
  <reporter-output>
  </reporter-output>
  <suite started-at="2022-07-11T01:24:14 IST" name="Suite" finished-at="2022-07-11T01:24:25 IST" duration-ms="10959">
    <groups>
    </groups>
    <test started-at="2022-07-11T01:24:14 IST" name="Test" finished-at="2022-07-11T01:24:25 IST" duration-ms="10959">
      <class name="runner.SauceProductsTest">
        <test-method is-config="true" signature="initialize()[pri:0, instance:runner.SauceProductsTest@3f363cf5]" started-at="2022-07-11T01:24:13 IST" name="initialize" finished-at="2022-07-11T01:24:14 IST" duration-ms="741" status="PASS">
          <reporter-output>
          </reporter-output>
        </test-method> <!-- initialize -->
        <test-method is-config="true" signature="setUp()[pri:0, instance:runner.SauceProductsTest@3f363cf5]" started-at="2022-07-11T01:24:14 IST" name="setUp" finished-at="2022-07-11T01:24:18 IST" duration-ms="3687" status="PASS">
          <reporter-output>
          </reporter-output>
        </test-method> <!-- setUp -->
        <test-method signature="testProducts()[pri:0, instance:runner.SauceProductsTest@3f363cf5]" started-at="2022-07-11T01:24:18 IST" name="testProducts" finished-at="2022-07-11T01:24:18 IST" duration-ms="601" status="PASS">
          <reporter-output>
          </reporter-output>
        </test-method> <!-- testProducts -->
        <test-method is-config="true" signature="tearDownMethod(org.testng.ITestResult)[pri:0, instance:runner.SauceProductsTest@3f363cf5]" started-at="2022-07-11T01:24:18 IST" name="tearDownMethod" finished-at="2022-07-11T01:24:20 IST" duration-ms="2000" status="PASS">
          <params>
            <param index="0">
              <value>
                <![CDATA[[TestResult name=testProducts status=SUCCESS method=SauceProductsTest.testProducts()[pri:0, instance:runner.SauceProductsTest@3f363cf5] output={null}]]]>
              </value>
            </param>
          </params>
          <reporter-output>
          </reporter-output>
        </test-method> <!-- tearDownMethod -->
        <test-method is-config="true" signature="closeBrowser()[pri:0, instance:runner.SauceProductsTest@3f363cf5]" started-at="2022-07-11T01:24:20 IST" name="closeBrowser" finished-at="2022-07-11T01:24:21 IST" duration-ms="411" status="PASS">
          <reporter-output>
          </reporter-output>
        </test-method> <!-- closeBrowser -->
        <test-method is-config="true" signature="Clear()[pri:0, instance:runner.SauceProductsTest@3f363cf5]" started-at="2022-07-11T01:24:25 IST" name="Clear" finished-at="2022-07-11T01:24:25 IST" duration-ms="348" status="PASS">
          <reporter-output>
          </reporter-output>
        </test-method> <!-- Clear -->
      </class> <!-- runner.SauceProductsTest -->
      <class name="runner.SauceLoginTest">
        <test-method is-config="true" signature="setUp()[pri:0, instance:runner.SauceLoginTest@2dbe250d]" started-at="2022-07-11T01:24:21 IST" name="setUp" finished-at="2022-07-11T01:24:23 IST" duration-ms="2506" status="PASS">
          <reporter-output>
          </reporter-output>
        </test-method> <!-- setUp -->
        <test-method signature="testLoginFeature()[pri:0, instance:runner.SauceLoginTest@2dbe250d]" started-at="2022-07-11T01:24:23 IST" name="testLoginFeature" finished-at="2022-07-11T01:24:23 IST" duration-ms="370" status="PASS">
          <reporter-output>
          </reporter-output>
        </test-method> <!-- testLoginFeature -->
        <test-method is-config="true" signature="tearDownMethod(org.testng.ITestResult)[pri:0, instance:runner.SauceLoginTest@2dbe250d]" started-at="2022-07-11T01:24:23 IST" name="tearDownMethod" finished-at="2022-07-11T01:24:24 IST" duration-ms="895" status="PASS">
          <params>
            <param index="0">
              <value>
                <![CDATA[[TestResult name=testLoginFeature status=SUCCESS method=SauceLoginTest.testLoginFeature()[pri:0, instance:runner.SauceLoginTest@2dbe250d] output={null}]]]>
              </value>
            </param>
          </params>
          <reporter-output>
          </reporter-output>
        </test-method> <!-- tearDownMethod -->
        <test-method is-config="true" signature="closeBrowser()[pri:0, instance:runner.SauceLoginTest@2dbe250d]" started-at="2022-07-11T01:24:24 IST" name="closeBrowser" finished-at="2022-07-11T01:24:25 IST" duration-ms="439" status="PASS">
          <reporter-output>
          </reporter-output>
        </test-method> <!-- closeBrowser -->
      </class> <!-- runner.SauceLoginTest -->
    </test> <!-- Test -->
  </suite> <!-- Suite -->
</testng-results>
