<?xml version="1.0" encoding="UTF-8"?>
<!-- Generated by org.testng.reporters.JUnitXMLReporter -->
<testsuite ignored="2" hostname="MT-PF1F14DK" failures="0" tests="2" name="Test" time="10.959" errors="0" timestamp="2022-07-11T01:24:25 IST">
  <testcase classname="runner.SauceProductsTest" name="testProducts" time="0.601"/>
  <testcase classname="runner.SauceLoginTest" name="testLoginFeature" time="0.37"/>
  <testcase classname="utilities.BaseClass" name="@AfterSuite Clear" time="0.0">
    <ignored/>
  </testcase> <!-- @AfterSuite Clear -->
  <testcase classname="utilities.BaseClass" name="@BeforeSuite initialize" time="0.0">
    <ignored/>
  </testcase> <!-- @BeforeSuite initialize -->
</testsuite> <!-- Test -->
