<?xml version="1.0" encoding="UTF-8"?>
<testng-results ignored="0" total="1" passed="1" failed="0" skipped="0">
  <reporter-output>
  </reporter-output>
  <suite started-at="2022-07-04T12:34:56 IST" name="Default suite" finished-at="2022-07-04T12:35:02 IST" duration-ms="6373">
    <groups>
    </groups>
    <test started-at="2022-07-04T12:34:56 IST" name="Default test" finished-at="2022-07-04T12:35:02 IST" duration-ms="6373">
      <class name="com.orangehrm.testcases.testDerived">
        <test-method is-config="true" signature="initialize()[pri:0, instance:com.orangehrm.testcases.testDerived@2453f95d]" started-at="2022-07-04T12:34:55 IST" name="initialize" finished-at="2022-07-04T12:34:56 IST" duration-ms="1013" status="PASS">
          <reporter-output>
          </reporter-output>
        </test-method> <!-- initialize -->
        <test-method is-config="true" signature="setUp()[pri:0, instance:com.orangehrm.testcases.testDerived@2453f95d]" started-at="2022-07-04T12:34:56 IST" name="setUp" finished-at="2022-07-04T12:35:00 IST" duration-ms="4745" status="PASS">
          <reporter-output>
          </reporter-output>
        </test-method> <!-- setUp -->
        <test-method is-config="true" signature="setupMethods()[pri:0, instance:com.orangehrm.testcases.testDerived@2453f95d]" started-at="2022-07-04T12:35:00 IST" name="setupMethods" finished-at="2022-07-04T12:35:00 IST" duration-ms="40" status="PASS">
          <reporter-output>
          </reporter-output>
        </test-method> <!-- setupMethods -->
        <test-method signature="test()[pri:0, instance:com.orangehrm.testcases.testDerived@2453f95d]" started-at="2022-07-04T12:35:00 IST" name="test" finished-at="2022-07-04T12:35:01 IST" duration-ms="487" status="PASS">
          <reporter-output>
          </reporter-output>
        </test-method> <!-- test -->
        <test-method is-config="true" signature="tearDownMethod(org.testng.ITestResult)[pri:0, instance:com.orangehrm.testcases.testDerived@2453f95d]" started-at="2022-07-04T12:35:01 IST" name="tearDownMethod" finished-at="2022-07-04T12:35:02 IST" duration-ms="1053" status="PASS">
          <params>
            <param index="0">
              <value>
                <![CDATA[[TestResult name=test status=SUCCESS method=testDerived.test()[pri:0, instance:com.orangehrm.testcases.testDerived@2453f95d] output={null}]]]>
              </value>
            </param>
          </params>
          <reporter-output>
          </reporter-output>
        </test-method> <!-- tearDownMethod -->
        <test-method is-config="true" signature="Clear()[pri:0, instance:com.orangehrm.testcases.testDerived@2453f95d]" started-at="2022-07-04T12:35:02 IST" name="Clear" finished-at="2022-07-04T12:35:02 IST" duration-ms="386" status="PASS">
          <reporter-output>
          </reporter-output>
        </test-method> <!-- Clear -->
      </class> <!-- com.orangehrm.testcases.testDerived -->
    </test> <!-- Default test -->
  </suite> <!-- Default suite -->
</testng-results>
