<?xml version="1.0" encoding="UTF-8"?>
<testng-results ignored="1" total="2" passed="1" failed="0" skipped="0">
  <reporter-output>
  </reporter-output>
  <suite started-at="2022-07-14T19:50:35 IST" name="Default suite" finished-at="2022-07-14T19:50:48 IST" duration-ms="12665">
    <groups>
    </groups>
    <test started-at="2022-07-14T19:50:35 IST" name="Default test" finished-at="2022-07-14T19:50:48 IST" duration-ms="12665">
      <class name="runner.HomePageRun">
        <test-method signature="secondTest()[pri:0, instance:runner.HomePageRun@73ee04c8]" started-at="2022-07-14T19:50:35 IST" name="secondTest" finished-at="2022-07-14T19:50:48 IST" duration-ms="12625" status="PASS">
          <reporter-output>
          </reporter-output>
        </test-method> <!-- secondTest -->
      </class> <!-- runner.HomePageRun -->
    </test> <!-- Default test -->
  </suite> <!-- Default suite -->
</testng-results>
