<?xml version="1.0" encoding="UTF-8"?>
<testng-results ignored="0" total="1" passed="1" failed="0" skipped="0">
  <reporter-output>
  </reporter-output>
  <suite started-at="2022-07-10T16:29:36 IST" name="Default suite" finished-at="2022-07-10T16:29:40 IST" duration-ms="3960">
    <groups>
    </groups>
    <test started-at="2022-07-10T16:29:36 IST" name="Default test" finished-at="2022-07-10T16:29:40 IST" duration-ms="3960">
      <class name="com.TestRunner.ProductsTest">
        <test-method is-config="true" signature="InitializeMethods()[pri:0, instance:com.TestRunner.ProductsTest@10c626be]" started-at="2022-07-10T16:29:35 IST" name="InitializeMethods" finished-at="2022-07-10T16:29:36 IST" duration-ms="869" status="PASS">
          <reporter-output>
          </reporter-output>
        </test-method> <!-- InitializeMethods -->
        <test-method is-config="true" signature="setUp()[pri:0, instance:com.TestRunner.ProductsTest@10c626be]" started-at="2022-07-10T16:29:36 IST" name="setUp" finished-at="2022-07-10T16:29:38 IST" duration-ms="2570" status="PASS">
          <reporter-output>
          </reporter-output>
        </test-method> <!-- setUp -->
        <test-method is-config="true" signature="initizeMethods()[pri:0, instance:com.TestRunner.ProductsTest@10c626be]" started-at="2022-07-10T16:29:38 IST" name="initizeMethods" finished-at="2022-07-10T16:29:38 IST" duration-ms="2" status="PASS">
          <reporter-output>
          </reporter-output>
        </test-method> <!-- initizeMethods -->
        <test-method signature="Myproduct()[pri:0, instance:com.TestRunner.ProductsTest@10c626be]" started-at="2022-07-10T16:29:38 IST" name="Myproduct" finished-at="2022-07-10T16:29:39 IST" duration-ms="471" status="PASS">
          <reporter-output>
          </reporter-output>
        </test-method> <!-- Myproduct -->
        <test-method is-config="true" signature="tearDownMethod(org.testng.ITestResult)[pri:0, instance:com.TestRunner.ProductsTest@10c626be]" started-at="2022-07-10T16:29:39 IST" name="tearDownMethod" finished-at="2022-07-10T16:29:40 IST" duration-ms="885" status="PASS">
          <params>
            <param index="0">
              <value>
                <![CDATA[[TestResult name=Myproduct status=SUCCESS method=ProductsTest.Myproduct()[pri:0, instance:com.TestRunner.ProductsTest@10c626be] output={null}]]]>
              </value>
            </param>
          </params>
          <reporter-output>
          </reporter-output>
        </test-method> <!-- tearDownMethod -->
        <test-method is-config="true" signature="Clear()[pri:0, instance:com.TestRunner.ProductsTest@10c626be]" started-at="2022-07-10T16:29:40 IST" name="Clear" finished-at="2022-07-10T16:29:40 IST" duration-ms="413" status="PASS">
          <reporter-output>
          </reporter-output>
        </test-method> <!-- Clear -->
      </class> <!-- com.TestRunner.ProductsTest -->
    </test> <!-- Default test -->
  </suite> <!-- Default suite -->
</testng-results>
